<?xml version="1.0" encoding="UTF-8"?>
<!-- Generated by org.testng.reporters.JUnitReportReporter -->
<testsuite hostname="DESKTOP-5HCESHD" failures="0" tests="4" name="com.amazon.HardCore" time="47.509" errors="0" timestamp="2023-02-13T17:46:23 IST" skipped="0">
  <testcase classname="com.amazon.HardCore" name="selectBaby" time="3.023"/>
  <system-out/>
  <testcase classname="com.amazon.HardCore" name="searchbox" time="10.676"/>
  <system-out/>
  <testcase classname="com.amazon.HardCore" name="minimumPrice" time="14.322"/>
  <system-out/>
  <testcase classname="com.amazon.HardCore" name="resultPage" time="19.488"/>
  <system-out/>
</testsuite> <!-- com.amazon.HardCore -->
