<?xml version="1.0" encoding="UTF-8"?>
<!-- Generated by org.testng.reporters.JUnitReportReporter -->
<testsuite hostname="DESKTOP-5HCESHD" failures="0" tests="9" name="com.amazon.TestNgTest" time="159.970" errors="0" timestamp="2023-02-17T16:48:46 IST" skipped="0">
  <testcase classname="com.amazon.TestNgTest" name="browserLaunh" time="65.484"/>
  <system-out/>
  <testcase classname="com.amazon.TestNgTest" name="addCart" time="13.636"/>
  <system-out/>
  <testcase classname="com.amazon.TestNgTest" name="browserclose" time="0.231"/>
  <system-out/>
  <testcase classname="com.amazon.TestNgTest" name="dropDown" time="10.094"/>
  <system-out/>
  <testcase classname="com.amazon.TestNgTest" name="search" time="19.379"/>
  <system-out/>
  <testcase classname="com.amazon.TestNgTest" name="minimumPrice" time="39.176"/>
  <system-out/>
  <testcase classname="com.amazon.TestNgTest" name="goCart" time="4.938"/>
  <system-out/>
  <testcase classname="com.amazon.TestNgTest" name="quantityIncreas" time="3.656"/>
  <system-out/>
  <testcase classname="com.amazon.TestNgTest" name="delete" time="3.376"/>
  <system-out/>
</testsuite> <!-- com.amazon.TestNgTest -->
